objc[1985]: Class AXEmojiUtilities is implemented in both /Applications/Xcode.app/Contents/Developer/Platforms/iPhoneSimulator.platform/Developer/SDKs/iPhoneSimulator7.1.sdk/System/Library/PrivateFrameworks/AccessibilityUtilities.framework/AccessibilityUtilities and /Applications/Xcode.app/Contents/Developer/Platforms/iPhoneSimulator.platform/Developer/SDKs/iPhoneSimulator7.1.sdk/usr/lib/libAXSpeechManager.dylib. One of the two will be used. Which one is undefined.
2014-06-27 11:39:16.529 HelloCordova[1985:70b] Cannot find executable for CFBundle 0xa346b60 </Applications/Xcode.app/Contents/Developer/Platforms/iPhoneSimulator.platform/Developer/SDKs/iPhoneSimulator7.1.sdk/System/Library/AccessibilityBundles/CertUIFramework.axbundle> (not loaded)
2014-06-27 11:39:16.535 HelloCordova[1985:70b] Cannot find executable for CFBundle 0xa236f50 </Applications/Xcode.app/Contents/Developer/Platforms/iPhoneSimulator.platform/Developer/SDKs/iPhoneSimulator7.1.sdk/System/Library/AccessibilityBundles/GeoServices.axbundle> (not loaded)
2014-06-27 11:39:16.575 HelloCordova[1985:70b] Multi-tasking -> Device: YES, App: YES
2014-06-27 11:39:16.608 HelloCordova[1985:70b] Unlimited access to network resources
2014-06-27 11:39:16.635 HelloCordova[1985:70b] [CDVTimer][keyboard] 0.100970ms
2014-06-27 11:39:16.635 HelloCordova[1985:70b] CDVPlugin class CDVStatusBar (pluginName: statusbar) does not exist.
2014-06-27 11:39:16.636 HelloCordova[1985:70b] [CDVTimer][statusbar] 0.535011ms
2014-06-27 11:39:16.636 HelloCordova[1985:70b] [CDVTimer][TotalPluginStartup] 1.693010ms
2014-06-27 11:39:16.857 HelloCordova[1985:70b] Resetting plugins due to page load.
2014-06-27 11:39:17.142 HelloCordova[1985:70b] Finished load of: file:///Users/pmarino/Library/Application%20Support/iPhone%20Simulator/7.1/Applications/03B77A77-4FEF-4DF1-AA3C-21904E5363FB/HelloCordova.app/www/index.html#/sign-in
2014-06-27 11:39:19.299 HelloCordova[1985:70b] Sign-In 
2014-06-27 11:40:10.688 HelloCordova[1985:70b] Received memory warning.
objc[3502]: Class AXEmojiUtilities is implemented in both /Applications/Xcode.app/Contents/Developer/Platforms/iPhoneSimulator.platform/Developer/SDKs/iPhoneSimulator7.1.sdk/System/Library/PrivateFrameworks/AccessibilityUtilities.framework/AccessibilityUtilities and /Applications/Xcode.app/Contents/Developer/Platforms/iPhoneSimulator.platform/Developer/SDKs/iPhoneSimulator7.1.sdk/usr/lib/libAXSpeechManager.dylib. One of the two will be used. Which one is undefined.
2014-07-02 13:55:12.434 Scholastic[3502:70b] Cannot find executable for CFBundle 0xa35c8a0 </Applications/Xcode.app/Contents/Developer/Platforms/iPhoneSimulator.platform/Developer/SDKs/iPhoneSimulator7.1.sdk/System/Library/AccessibilityBundles/GeoServices.axbundle> (not loaded)
2014-07-02 13:55:12.444 Scholastic[3502:70b] Cannot find executable for CFBundle 0xa46f550 </Applications/Xcode.app/Contents/Developer/Platforms/iPhoneSimulator.platform/Developer/SDKs/iPhoneSimulator7.1.sdk/System/Library/AccessibilityBundles/CertUIFramework.axbundle> (not loaded)
2014-07-02 13:55:12.482 Scholastic[3502:70b] Multi-tasking -> Device: YES, App: YES
2014-07-02 13:55:12.492 Scholastic[3502:70b] Unlimited access to network resources
2014-07-02 13:55:12.500 Scholastic[3502:70b] Fix applied for database locations?: YES
2014-07-02 13:55:12.539 Scholastic[3502:70b] [CDVTimer][keyboard] 0.119030ms
2014-07-02 13:55:12.551 Scholastic[3502:70b] CDVPlugin class CDVStatusBar (pluginName: statusbar) does not exist.
2014-07-02 13:55:12.552 Scholastic[3502:70b] [CDVTimer][statusbar] 0.954986ms
2014-07-02 13:55:12.552 Scholastic[3502:70b] [CDVTimer][TotalPluginStartup] 13.669968ms
2014-07-02 13:55:12.687 Scholastic[3502:70b] Resetting plugins due to page load.
2014-07-02 13:55:12.984 Scholastic[3502:70b] Finished load of: file:///Users/pmarino/Library/Application%20Support/iPhone%20Simulator/7.1/Applications/01FFFA62-4841-4106-90DF-585514DFBA98/Scholastic.app/www/index.html#/sign-in
objc[3936]: Class AXEmojiUtilities is implemented in both /Applications/Xcode.app/Contents/Developer/Platforms/iPhoneSimulator.platform/Developer/SDKs/iPhoneSimulator7.1.sdk/System/Library/PrivateFrameworks/AccessibilityUtilities.framework/AccessibilityUtilities and /Applications/Xcode.app/Contents/Developer/Platforms/iPhoneSimulator.platform/Developer/SDKs/iPhoneSimulator7.1.sdk/usr/lib/libAXSpeechManager.dylib. One of the two will be used. Which one is undefined.
2014-07-02 14:03:51.101 Scholastic[3936:70b] Cannot find executable for CFBundle 0xa2e4a50 </Applications/Xcode.app/Contents/Developer/Platforms/iPhoneSimulator.platform/Developer/SDKs/iPhoneSimulator7.1.sdk/System/Library/AccessibilityBundles/CertUIFramework.axbundle> (not loaded)
2014-07-02 14:03:51.108 Scholastic[3936:70b] Cannot find executable for CFBundle 0xa697430 </Applications/Xcode.app/Contents/Developer/Platforms/iPhoneSimulator.platform/Developer/SDKs/iPhoneSimulator7.1.sdk/System/Library/AccessibilityBundles/GeoServices.axbundle> (not loaded)
2014-07-02 14:03:51.139 Scholastic[3936:70b] Multi-tasking -> Device: YES, App: YES
2014-07-02 14:03:51.148 Scholastic[3936:70b] Unlimited access to network resources
2014-07-02 14:03:51.171 Scholastic[3936:70b] [CDVTimer][keyboard] 0.069022ms
2014-07-02 14:03:51.172 Scholastic[3936:70b] CDVPlugin class CDVStatusBar (pluginName: statusbar) does not exist.
2014-07-02 14:03:51.172 Scholastic[3936:70b] [CDVTimer][statusbar] 0.428021ms
2014-07-02 14:03:51.172 Scholastic[3936:70b] [CDVTimer][TotalPluginStartup] 1.420975ms
2014-07-02 14:03:51.295 Scholastic[3936:70b] Resetting plugins due to page load.
2014-07-02 14:03:51.497 Scholastic[3936:70b] Finished load of: file:///Users/pmarino/Library/Application%20Support/iPhone%20Simulator/7.1/Applications/ADACDEDC-9164-4798-ABD6-4C70AFC2BF5F/Scholastic.app/www/index.html#/sign-in
objc[4249]: Class AXEmojiUtilities is implemented in both /Applications/Xcode.app/Contents/Developer/Platforms/iPhoneSimulator.platform/Developer/SDKs/iPhoneSimulator7.1.sdk/System/Library/PrivateFrameworks/AccessibilityUtilities.framework/AccessibilityUtilities and /Applications/Xcode.app/Contents/Developer/Platforms/iPhoneSimulator.platform/Developer/SDKs/iPhoneSimulator7.1.sdk/usr/lib/libAXSpeechManager.dylib. One of the two will be used. Which one is undefined.
2014-07-02 14:06:25.532 Scholastic[4249:70b] Cannot find executable for CFBundle 0xa384660 </Applications/Xcode.app/Contents/Developer/Platforms/iPhoneSimulator.platform/Developer/SDKs/iPhoneSimulator7.1.sdk/System/Library/AccessibilityBundles/CertUIFramework.axbundle> (not loaded)
2014-07-02 14:06:25.537 Scholastic[4249:70b] Cannot find executable for CFBundle 0xa3a58d0 </Applications/Xcode.app/Contents/Developer/Platforms/iPhoneSimulator.platform/Developer/SDKs/iPhoneSimulator7.1.sdk/System/Library/AccessibilityBundles/GeoServices.axbundle> (not loaded)
2014-07-02 14:06:25.575 Scholastic[4249:70b] Multi-tasking -> Device: YES, App: YES
2014-07-02 14:06:25.581 Scholastic[4249:70b] Unlimited access to network resources
2014-07-02 14:06:25.602 Scholastic[4249:70b] [CDVTimer][keyboard] 0.090003ms
2014-07-02 14:06:25.603 Scholastic[4249:70b] CDVPlugin class CDVStatusBar (pluginName: statusbar) does not exist.
2014-07-02 14:06:25.603 Scholastic[4249:70b] [CDVTimer][statusbar] 0.427961ms
2014-07-02 14:06:25.603 Scholastic[4249:70b] [CDVTimer][TotalPluginStartup] 1.504004ms
2014-07-02 14:06:25.724 Scholastic[4249:70b] Resetting plugins due to page load.
2014-07-02 14:06:25.910 Scholastic[4249:70b] Finished load of: file:///Users/pmarino/Library/Application%20Support/iPhone%20Simulator/7.1/Applications/8918DD96-8C5E-4627-99BC-FC5C33B392EA/Scholastic.app/www/index.html#/sign-in
2014-07-02 14:06:35.194 Scholastic[4249:70b] Sign-In 
objc[4536]: Class AXEmojiUtilities is implemented in both /Applications/Xcode.app/Contents/Developer/Platforms/iPhoneSimulator.platform/Developer/SDKs/iPhoneSimulator7.1.sdk/System/Library/PrivateFrameworks/AccessibilityUtilities.framework/AccessibilityUtilities and /Applications/Xcode.app/Contents/Developer/Platforms/iPhoneSimulator.platform/Developer/SDKs/iPhoneSimulator7.1.sdk/usr/lib/libAXSpeechManager.dylib. One of the two will be used. Which one is undefined.
2014-07-02 14:08:27.386 Scholastic[4536:70b] Cannot find executable for CFBundle 0xa3591a0 </Applications/Xcode.app/Contents/Developer/Platforms/iPhoneSimulator.platform/Developer/SDKs/iPhoneSimulator7.1.sdk/System/Library/AccessibilityBundles/CertUIFramework.axbundle> (not loaded)
2014-07-02 14:08:27.391 Scholastic[4536:70b] Cannot find executable for CFBundle 0xa44b800 </Applications/Xcode.app/Contents/Developer/Platforms/iPhoneSimulator.platform/Developer/SDKs/iPhoneSimulator7.1.sdk/System/Library/AccessibilityBundles/GeoServices.axbundle> (not loaded)
2014-07-02 14:08:27.415 Scholastic[4536:70b] Multi-tasking -> Device: YES, App: YES
2014-07-02 14:08:27.421 Scholastic[4536:70b] Unlimited access to network resources
2014-07-02 14:08:27.438 Scholastic[4536:70b] [CDVTimer][keyboard] 0.068009ms
2014-07-02 14:08:27.439 Scholastic[4536:70b] CDVPlugin class CDVStatusBar (pluginName: statusbar) does not exist.
2014-07-02 14:08:27.439 Scholastic[4536:70b] [CDVTimer][statusbar] 0.387013ms
2014-07-02 14:08:27.439 Scholastic[4536:70b] [CDVTimer][TotalPluginStartup] 1.276016ms
2014-07-02 14:08:27.573 Scholastic[4536:70b] Resetting plugins due to page load.
2014-07-02 14:08:27.756 Scholastic[4536:70b] Finished load of: file:///Users/pmarino/Library/Application%20Support/iPhone%20Simulator/7.1/Applications/6616D9CB-5C5F-4D1D-8DA8-EF82E9A61267/Scholastic.app/www/index.html#/sign-in
2014-07-02 14:08:29.244 Scholastic[4536:70b] Sign-In 
objc[7012]: Class AXEmojiUtilities is implemented in both /Applications/Xcode.app/Contents/Developer/Platforms/iPhoneSimulator.platform/Developer/SDKs/iPhoneSimulator7.1.sdk/System/Library/PrivateFrameworks/AccessibilityUtilities.framework/AccessibilityUtilities and /Applications/Xcode.app/Contents/Developer/Platforms/iPhoneSimulator.platform/Developer/SDKs/iPhoneSimulator7.1.sdk/usr/lib/libAXSpeechManager.dylib. One of the two will be used. Which one is undefined.
2014-07-02 14:44:12.643 Scholastic[7012:70b] Cannot find executable for CFBundle 0xa3436f0 </Applications/Xcode.app/Contents/Developer/Platforms/iPhoneSimulator.platform/Developer/SDKs/iPhoneSimulator7.1.sdk/System/Library/AccessibilityBundles/CertUIFramework.axbundle> (not loaded)
2014-07-02 14:44:12.651 Scholastic[7012:70b] Cannot find executable for CFBundle 0xa26e2f0 </Applications/Xcode.app/Contents/Developer/Platforms/iPhoneSimulator.platform/Developer/SDKs/iPhoneSimulator7.1.sdk/System/Library/AccessibilityBundles/GeoServices.axbundle> (not loaded)
2014-07-02 14:44:12.701 Scholastic[7012:70b] Multi-tasking -> Device: YES, App: YES
2014-07-02 14:44:12.710 Scholastic[7012:70b] Unlimited access to network resources
2014-07-02 14:44:12.735 Scholastic[7012:70b] [CDVTimer][keyboard] 0.115991ms
2014-07-02 14:44:12.736 Scholastic[7012:70b] CDVPlugin class CDVStatusBar (pluginName: statusbar) does not exist.
2014-07-02 14:44:12.736 Scholastic[7012:70b] [CDVTimer][statusbar] 0.319004ms
2014-07-02 14:44:12.736 Scholastic[7012:70b] [CDVTimer][TotalPluginStartup] 1.145005ms
2014-07-02 14:44:12.883 Scholastic[7012:70b] Resetting plugins due to page load.
2014-07-02 14:44:13.194 Scholastic[7012:70b] THREAD WARNING: ['Device'] took '12.912109' ms. Plugin should use a background thread.
2014-07-02 14:44:13.201 Scholastic[7012:70b] Finished load of: file:///Users/pmarino/Library/Application%20Support/iPhone%20Simulator/7.1/Applications/3A7B0CE3-B42E-4C20-BA98-43025A5CE81B/Scholastic.app/www/index.html#/sign-in
2014-07-02 14:44:15.192 Scholastic[7012:70b] Sign-In 
objc[10482]: Class AXEmojiUtilities is implemented in both /Applications/Xcode.app/Contents/Developer/Platforms/iPhoneSimulator.platform/Developer/SDKs/iPhoneSimulator7.1.sdk/System/Library/PrivateFrameworks/AccessibilityUtilities.framework/AccessibilityUtilities and /Applications/Xcode.app/Contents/Developer/Platforms/iPhoneSimulator.platform/Developer/SDKs/iPhoneSimulator7.1.sdk/usr/lib/libAXSpeechManager.dylib. One of the two will be used. Which one is undefined.
2014-07-02 17:03:02.683 Scholastic[10482:70b] Cannot find executable for CFBundle 0xa295e60 </Applications/Xcode.app/Contents/Developer/Platforms/iPhoneSimulator.platform/Developer/SDKs/iPhoneSimulator7.1.sdk/System/Library/AccessibilityBundles/CertUIFramework.axbundle> (not loaded)
2014-07-02 17:03:02.691 Scholastic[10482:70b] Cannot find executable for CFBundle 0xa39b020 </Applications/Xcode.app/Contents/Developer/Platforms/iPhoneSimulator.platform/Developer/SDKs/iPhoneSimulator7.1.sdk/System/Library/AccessibilityBundles/GeoServices.axbundle> (not loaded)
2014-07-02 17:03:02.726 Scholastic[10482:70b] Multi-tasking -> Device: YES, App: YES
2014-07-02 17:03:02.759 Scholastic[10482:70b] Unlimited access to network resources
2014-07-02 17:03:02.937 Scholastic[10482:70b] [CDVTimer][keyboard] 0.106037ms
2014-07-02 17:03:02.938 Scholastic[10482:70b] CDVPlugin class CDVStatusBar (pluginName: statusbar) does not exist.
2014-07-02 17:03:02.938 Scholastic[10482:70b] [CDVTimer][statusbar] 0.318050ms
2014-07-02 17:03:02.938 Scholastic[10482:70b] [CDVTimer][TotalPluginStartup] 1.105964ms
2014-07-02 17:03:03.157 Scholastic[10482:70b] Resetting plugins due to page load.
2014-07-02 17:03:03.540 Scholastic[10482:70b] Finished load of: file:///Users/pmarino/Library/Application%20Support/iPhone%20Simulator/7.1/Applications/47400688-113B-44D9-93B4-9CEF5B592E30/Scholastic.app/www/index.html#/sign-in
2014-07-02 17:03:06.046 Scholastic[10482:70b] Sign-In 
2014-07-02 17:03:29.820 Scholastic[10482:70b] CDVWebViewDelegate: Navigation started when state=1
2014-07-02 17:03:29.821 Scholastic[10482:70b] Failed to load webpage with error: CDVWebViewDelegate: Navigation started when state=1
2014-07-02 17:03:29.821 Scholastic[10482:70b] Resetting plugins due to page load.
2014-07-02 17:03:32.208 Scholastic[10482:70b] Finished load of: https://shop.scholastic.com/webapp/wcs/stores/servlet/StoreView?catalogId=10051&storeId=10751&krypto=VtSJ5N49C6Hh3%2BKi8nCrjT6YOiVWkUoj19GYLeuxbOFlBh7yLyV677eALJ%2BD%2BLdzmNb7poV1hpD6%0A8HlGwBGiVMXqRcz91XikSVgFZUKNlLAZHEvFAGLPooEjCDEpBSWODQ5ij8%2BhvF8%3D&ddkey=http:Logon
